#
# A fatal error has been detected by the Java Runtime Environment:
#
#  EXCEPTION_ACCESS_VIOLATION (0xc0000005) at pc=0x00007ffdf8ec4d1d, pid=1500, tid=0x0000000000001a64
#
# JRE version: Java(TM) SE Runtime Environment (8.0_161-b12) (build 1.8.0_161-b12)
# Java VM: Java HotSpot(TM) 64-Bit Server VM (25.161-b12 mixed mode windows-amd64 compressed oops)
# Problematic frame:
# C  [ig75icd64.dll+0x224d1d]
#
# Failed to write core dump. Minidumps are not enabled by default on client versions of Windows
#
# If you would like to submit a bug report, please visit:
#   http://bugreport.java.com/bugreport/crash.jsp
# The crash happened outside the Java Virtual Machine in native code.
# See problematic frame for where to report the bug.
#

---------------  T H R E A D  ---------------

Current thread (0x0000000016bde800):  JavaThread "LWJGL Application" [_thread_in_native, id=6756, stack(0x0000000017950000,0x0000000017a50000)]

siginfo: ExceptionCode=0xc0000005, reading address 0x0000000000000008

Registers:
RAX=0x0000000000002570, RBX=0x00000000009ecc90, RCX=0x0000000000000000, RDX=0x000000005df6f0d0
RSP=0x0000000017a4c0f0, RBP=0x0000000017a4c1f0, RSI=0x00000000190b0f40, RDI=0x0000000000000006
R8 =0x000000005df6f0f8, R9 =0x0000000000000000, R10=0x0000000000000000, R11=0x000000005a1d3c00
R12=0x0000000017a4c930, R13=0x00000000190d63c0, R14=0x0000000000000004, R15=0x0000000000002580
RIP=0x00007ffdf8ec4d1d, EFLAGS=0x0000000000010202

Top of Stack: (sp=0x0000000017a4c0f0)
0x0000000017a4c0f0:   0000000000000000 0000000000000018
0x0000000017a4c100:   0000000000000684 0000000000000000
0x0000000017a4c110:   0000000000000000 0000000000000000
0x0000000017a4c120:   0000000000000003 000003020100ffff
0x0000000017a4c130:   0000000000000000 000000000000001c
0x0000000017a4c140:   00000000000001e0 0000000000000000
0x0000000017a4c150:   0000000000015182 0000000000000000
0x0000000017a4c160:   000000005e2ec440 0000000000000000
0x0000000017a4c170:   0000000000000000 000000005a1d3c00
0x0000000017a4c180:   00000000190d63c0 0000000100000000
0x0000000017a4c190:   000000005df6f188 0000000000000000
0x0000000017a4c1a0:   0000000000000000 00000000190b0f40
0x0000000017a4c1b0:   0000000000000668 00007ffdf8ec7ee7
0x0000000017a4c1c0:   00000001b324e590 000000000afef000
0x0000000017a4c1d0:   0000000100002570 00000001b324e590
0x0000000017a4c1e0:   000000005a1d3c1c 000000000000000c 

Instructions: (pc=0x00007ffdf8ec4d1d)
0x00007ffdf8ec4cfd:   2b 85 d8 0d 00 00 41 03 c6 89 45 e0 41 3b c7 44
0x00007ffdf8ec4d0d:   0f 47 f8 48 8b 4b 28 48 85 c9 74 4c 48 8b 49 20
0x00007ffdf8ec4d1d:   48 8b 49 08 e8 1a e6 37 00 8b 53 08 41 03 d7 3b
0x00007ffdf8ec4d2d:   c2 73 2e 48 8b d6 49 8b cd e8 75 92 02 00 45 8b 


Register to memory mapping:

RAX=0x0000000000002570 is an unknown value
RBX=0x00000000009ecc90 is an unknown value
RCX=0x0000000000000000 is an unknown value
RDX=0x000000005df6f0d0 is an unknown value
RSP=0x0000000017a4c0f0 is pointing into the stack for thread: 0x0000000016bde800
RBP=0x0000000017a4c1f0 is pointing into the stack for thread: 0x0000000016bde800
RSI=0x00000000190b0f40 is an unknown value
RDI=0x0000000000000006 is an unknown value
R8 =0x000000005df6f0f8 is an unknown value
R9 =0x0000000000000000 is an unknown value
R10=0x0000000000000000 is an unknown value
R11=0x000000005a1d3c00 is an unknown value
R12=0x0000000017a4c930 is pointing into the stack for thread: 0x0000000016bde800
R13=0x00000000190d63c0 is an unknown value
R14=0x0000000000000004 is an unknown value
R15=0x0000000000002580 is an unknown value


Stack: [0x0000000017950000,0x0000000017a50000],  sp=0x0000000017a4c0f0,  free space=1008k
Native frames: (J=compiled Java code, j=interpreted, Vv=VM code, C=native code)
C  [ig75icd64.dll+0x224d1d]

Java frames: (J=compiled Java code, j=interpreted, Vv=VM code)
J 1359  org.lwjgl.opengl.GL11.nglDrawElements(IIIJJ)V (0 bytes) @ 0x0000000002ef2216 [0x0000000002ef21c0+0x56]
J 1801 C2 com.badlogic.gdx.graphics.g2d.SpriteBatch.flush()V (193 bytes) @ 0x0000000003069d8c [0x0000000003069840+0x54c]
J 1217 C2 com.badlogic.gdx.maps.tiled.renderers.OrthogonalTiledMapRenderer.renderTileLayer(Lcom/badlogic/gdx/maps/tiled/TiledMapTileLayer;)V (991 bytes) @ 0x0000000002e8a92c [0x0000000002e8a300+0x62c]
J 2109 C2 swen30006.driving.Simulation.render()V (543 bytes) @ 0x0000000002e9b42c [0x0000000002e9b080+0x3ac]
j  com.badlogic.gdx.backends.lwjgl.LwjglApplication.mainLoop()V+698
j  com.badlogic.gdx.backends.lwjgl.LwjglApplication$1.run()V+27
v  ~StubRoutines::call_stub

---------------  P R O C E S S  ---------------

Java Threads: ( => current thread )
  0x0000000002972800 JavaThread "DestroyJavaVM" [_thread_blocked, id=3960, stack(0x0000000002770000,0x0000000002870000)]
=>0x0000000016bde800 JavaThread "LWJGL Application" [_thread_in_native, id=6756, stack(0x0000000017950000,0x0000000017a50000)]
  0x00000000168f1800 JavaThread "Service Thread" daemon [_thread_blocked, id=9200, stack(0x0000000016cd0000,0x0000000016dd0000)]
  0x0000000015079800 JavaThread "C1 CompilerThread2" daemon [_thread_blocked, id=2076, stack(0x00000000167d0000,0x00000000168d0000)]
  0x0000000015074800 JavaThread "C2 CompilerThread1" daemon [_thread_blocked, id=15000, stack(0x00000000166d0000,0x00000000167d0000)]
  0x000000001506d000 JavaThread "C2 CompilerThread0" daemon [_thread_blocked, id=12908, stack(0x00000000165d0000,0x00000000166d0000)]
  0x000000001506b800 JavaThread "Attach Listener" daemon [_thread_blocked, id=7480, stack(0x00000000164d0000,0x00000000165d0000)]
  0x000000001506a000 JavaThread "Signal Dispatcher" daemon [_thread_blocked, id=10720, stack(0x00000000163d0000,0x00000000164d0000)]
  0x0000000002a6c000 JavaThread "Finalizer" daemon [_thread_blocked, id=1620, stack(0x00000000162d0000,0x00000000163d0000)]
  0x0000000002a61000 JavaThread "Reference Handler" daemon [_thread_blocked, id=13728, stack(0x00000000161d0000,0x00000000162d0000)]

Other Threads:
  0x0000000015037800 VMThread [stack: 0x00000000160d0000,0x00000000161d0000] [id=13796]
  0x000000001690a800 WatcherThread [stack: 0x0000000016dd0000,0x0000000016ed0000] [id=8216]

VM state:not at safepoint (normal execution)

VM Mutex/Monitor currently owned by a thread: None

Heap:
 PSYoungGen      total 139776K, used 92786K [0x00000000eb200000, 0x00000000f5f80000, 0x0000000100000000)
  eden space 105984K, 71% used [0x00000000eb200000,0x00000000efb859a0,0x00000000f1980000)
  from space 33792K, 51% used [0x00000000f3e80000,0x00000000f4f97130,0x00000000f5f80000)
  to   space 35840K, 0% used [0x00000000f1980000,0x00000000f1980000,0x00000000f3c80000)
 ParOldGen       total 273920K, used 229914K [0x00000000c1600000, 0x00000000d2180000, 0x00000000eb200000)
  object space 273920K, 83% used [0x00000000c1600000,0x00000000cf6869d8,0x00000000d2180000)
 Metaspace       used 14862K, capacity 15025K, committed 15232K, reserved 1062912K
  class space    used 1635K, capacity 1658K, committed 1664K, reserved 1048576K

Card table byte_map: [0x0000000011e30000,0x0000000012030000] byte_map_base: 0x0000000011825000

Marking Bits: (ParMarkBitMap*) 0x0000000070c5f860
 Begin Bits: [0x0000000012580000, 0x0000000013528000)
 End Bits:   [0x0000000013528000, 0x00000000144d0000)

Polling page: 0x00000000026f0000

CodeCache: size=245760Kb used=6427Kb max_used=7217Kb free=239332Kb
 bounds [0x0000000002a70000, 0x0000000003190000, 0x0000000011a70000]
 total_blobs=2357 nmethods=1806 adapters=463
 compilation: enabled

Compilation events (10 events):
Event: 315.943 Thread 0x0000000015079800 2116       3       com.badlogic.gdx.backends.lwjgl.LwjglInput::updateMouse (326 bytes)
Event: 316.006 Thread 0x0000000015079800 nmethod 2116 0x0000000002e55210 code [0x0000000002e55660, 0x0000000002e57e78]
Event: 316.043 Thread 0x0000000015079800 2117   !   3       com.badlogic.gdx.backends.lwjgl.LwjglInput::processEvents (478 bytes)
Event: 316.048 Thread 0x0000000015079800 nmethod 2117 0x0000000002ed9710 code [0x0000000002ed9a40, 0x0000000002edb368]
Event: 422.230 Thread 0x0000000015074800 2118       4       com.badlogic.gdx.backends.lwjgl.LwjglInput::updateMouse (326 bytes)
Event: 422.318 Thread 0x0000000015074800 nmethod 2118 0x0000000002c53290 code [0x0000000002c53520, 0x0000000002c541b8]
Event: 439.991 Thread 0x000000001506d000 2119   !   4       com.badlogic.gdx.backends.lwjgl.LwjglInput::processEvents (478 bytes)
Event: 440.021 Thread 0x000000001506d000 nmethod 2119 0x0000000002ceaa90 code [0x0000000002ceac80, 0x0000000002ceb8e8]
Event: 638.394 Thread 0x0000000015079800 2120       3       java.lang.reflect.Array::newInstance (6 bytes)
Event: 638.403 Thread 0x0000000015079800 nmethod 2120 0x0000000002c242d0 code [0x0000000002c24440, 0x0000000002c245a8]

GC Heap History (10 events):
Event: 722.361 GC heap before
{Heap before GC invocations=208 (full 7):
 PSYoungGen      total 131584K, used 109486K [0x00000000eb200000, 0x00000000f5700000, 0x0000000100000000)
  eden space 95744K, 100% used [0x00000000eb200000,0x00000000f0f80000,0x00000000f0f80000)
  from space 35840K, 38% used [0x00000000f3300000,0x00000000f406b890,0x00000000f5600000)
  to   space 36352K, 0% used [0x00000000f0f80000,0x00000000f0f80000,0x00000000f3300000)
 ParOldGen       total 221696K, used 212335K [0x00000000c1600000, 0x00000000cee80000, 0x00000000eb200000)
  object space 221696K, 95% used [0x00000000c1600000,0x00000000ce55bf08,0x00000000cee80000)
 Metaspace       used 14862K, capacity 15025K, committed 15232K, reserved 1062912K
  class space    used 1635K, capacity 1658K, committed 1664K, reserved 1048576K
Event: 722.399 GC heap after
Heap after GC invocations=208 (full 7):
 PSYoungGen      total 132096K, used 10524K [0x00000000eb200000, 0x00000000f6400000, 0x0000000100000000)
  eden space 95744K, 0% used [0x00000000eb200000,0x00000000eb200000,0x00000000f0f80000)
  from space 36352K, 28% used [0x00000000f0f80000,0x00000000f19c7120,0x00000000f3300000)
  to   space 36864K, 0% used [0x00000000f4000000,0x00000000f4000000,0x00000000f6400000)
 ParOldGen       total 221696K, used 220999K [0x00000000c1600000, 0x00000000cee80000, 0x00000000eb200000)
  object space 221696K, 99% used [0x00000000c1600000,0x00000000cedd1f08,0x00000000cee80000)
 Metaspace       used 14862K, capacity 15025K, committed 15232K, reserved 1062912K
  class space    used 1635K, capacity 1658K, committed 1664K, reserved 1048576K
}
Event: 722.504 GC heap before
{Heap before GC invocations=209 (full 8):
 PSYoungGen      total 132096K, used 10524K [0x00000000eb200000, 0x00000000f6400000, 0x0000000100000000)
  eden space 95744K, 0% used [0x00000000eb200000,0x00000000eb200000,0x00000000f0f80000)
  from space 36352K, 28% used [0x00000000f0f80000,0x00000000f19c7120,0x00000000f3300000)
  to   space 36864K, 0% used [0x00000000f4000000,0x00000000f4000000,0x00000000f6400000)
 ParOldGen       total 221696K, used 220999K [0x00000000c1600000, 0x00000000cee80000, 0x00000000eb200000)
  object space 221696K, 99% used [0x00000000c1600000,0x00000000cedd1f08,0x00000000cee80000)
 Metaspace       used 14862K, capacity 15025K, committed 15232K, reserved 1062912K
  class space    used 1635K, capacity 1658K, committed 1664K, reserved 1048576K
Event: 728.278 GC heap after
Heap after GC invocations=209 (full 8):
 PSYoungGen      total 132096K, used 8366K [0x00000000eb200000, 0x00000000f6400000, 0x0000000100000000)
  eden space 95744K, 0% used [0x00000000eb200000,0x00000000eb200000,0x00000000f0f80000)
  from space 36352K, 23% used [0x00000000f0f80000,0x00000000f17abb38,0x00000000f3300000)
  to   space 36864K, 0% used [0x00000000f4000000,0x00000000f4000000,0x00000000f6400000)
 ParOldGen       total 273920K, used 221602K [0x00000000c1600000, 0x00000000d2180000, 0x00000000eb200000)
  object space 273920K, 80% used [0x00000000c1600000,0x00000000cee689d8,0x00000000d2180000)
 Metaspace       used 14862K, capacity 15025K, committed 15232K, reserved 1062912K
  class space    used 1635K, capacity 1658K, committed 1664K, reserved 1048576K
}
Event: 743.371 GC heap before
{Heap before GC invocations=210 (full 8):
 PSYoungGen      total 132096K, used 104110K [0x00000000eb200000, 0x00000000f6400000, 0x0000000100000000)
  eden space 95744K, 100% used [0x00000000eb200000,0x00000000f0f80000,0x00000000f0f80000)
  from space 36352K, 23% used [0x00000000f0f80000,0x00000000f17abb38,0x00000000f3300000)
  to   space 36864K, 0% used [0x00000000f4000000,0x00000000f4000000,0x00000000f6400000)
 ParOldGen       total 273920K, used 221602K [0x00000000c1600000, 0x00000000d2180000, 0x00000000eb200000)
  object space 273920K, 80% used [0x00000000c1600000,0x00000000cee689d8,0x00000000d2180000)
 Metaspace       used 14862K, capacity 15025K, committed 15232K, reserved 1062912K
  class space    used 1635K, capacity 1658K, committed 1664K, reserved 1048576K
Event: 743.427 GC heap after
Heap after GC invocations=210 (full 8):
 PSYoungGen      total 133120K, used 6382K [0x00000000eb200000, 0x00000000f5f00000, 0x0000000100000000)
  eden space 101376K, 0% used [0x00000000eb200000,0x00000000eb200000,0x00000000f1500000)
  from space 31744K, 20% used [0x00000000f4000000,0x00000000f463b8a0,0x00000000f5f00000)
  to   space 37888K, 0% used [0x00000000f1500000,0x00000000f1500000,0x00000000f3a00000)
 ParOldGen       total 273920K, used 229914K [0x00000000c1600000, 0x00000000d2180000, 0x00000000eb200000)
  object space 273920K, 83% used [0x00000000c1600000,0x00000000cf6869d8,0x00000000d2180000)
 Metaspace       used 14862K, capacity 15025K, committed 15232K, reserved 1062912K
  class space    used 1635K, capacity 1658K, committed 1664K, reserved 1048576K
}
Event: 759.551 GC heap before
{Heap before GC invocations=211 (full 8):
 PSYoungGen      total 133120K, used 107758K [0x00000000eb200000, 0x00000000f5f00000, 0x0000000100000000)
  eden space 101376K, 100% used [0x00000000eb200000,0x00000000f1500000,0x00000000f1500000)
  from space 31744K, 20% used [0x00000000f4000000,0x00000000f463b8a0,0x00000000f5f00000)
  to   space 37888K, 0% used [0x00000000f1500000,0x00000000f1500000,0x00000000f3a00000)
 ParOldGen       total 273920K, used 229914K [0x00000000c1600000, 0x00000000d2180000, 0x00000000eb200000)
  object space 273920K, 83% used [0x00000000c1600000,0x00000000cf6869d8,0x00000000d2180000)
 Metaspace       used 14862K, capacity 15025K, committed 15232K, reserved 1062912K
  class space    used 1635K, capacity 1658K, committed 1664K, reserved 1048576K
Event: 759.595 GC heap after
Heap after GC invocations=211 (full 8):
 PSYoungGen      total 139264K, used 11918K [0x00000000eb200000, 0x00000000f6300000, 0x0000000100000000)
  eden space 101376K, 0% used [0x00000000eb200000,0x00000000eb200000,0x00000000f1500000)
  from space 37888K, 31% used [0x00000000f1500000,0x00000000f20a38a0,0x00000000f3a00000)
  to   space 37376K, 0% used [0x00000000f3e80000,0x00000000f3e80000,0x00000000f6300000)
 ParOldGen       total 273920K, used 229914K [0x00000000c1600000, 0x00000000d2180000, 0x00000000eb200000)
  object space 273920K, 83% used [0x00000000c1600000,0x00000000cf6869d8,0x00000000d2180000)
 Metaspace       used 14862K, capacity 15025K, committed 15232K, reserved 1062912K
  class space    used 1635K, capacity 1658K, committed 1664K, reserved 1048576K
}
Event: 775.729 GC heap before
{Heap before GC invocations=212 (full 8):
 PSYoungGen      total 139264K, used 113294K [0x00000000eb200000, 0x00000000f6300000, 0x0000000100000000)
  eden space 101376K, 100% used [0x00000000eb200000,0x00000000f1500000,0x00000000f1500000)
  from space 37888K, 31% used [0x00000000f1500000,0x00000000f20a38a0,0x00000000f3a00000)
  to   space 37376K, 0% used [0x00000000f3e80000,0x00000000f3e80000,0x00000000f6300000)
 ParOldGen       total 273920K, used 229914K [0x00000000c1600000, 0x00000000d2180000, 0x00000000eb200000)
  object space 273920K, 83% used [0x00000000c1600000,0x00000000cf6869d8,0x00000000d2180000)
 Metaspace       used 14862K, capacity 15025K, committed 15232K, reserved 1062912K
  class space    used 1635K, capacity 1658K, committed 1664K, reserved 1048576K
Event: 775.749 GC heap after
Heap after GC invocations=212 (full 8):
 PSYoungGen      total 139776K, used 17500K [0x00000000eb200000, 0x00000000f5f80000, 0x0000000100000000)
  eden space 105984K, 0% used [0x00000000eb200000,0x00000000eb200000,0x00000000f1980000)
  from space 33792K, 51% used [0x00000000f3e80000,0x00000000f4f97130,0x00000000f5f80000)
  to   space 35840K, 0% used [0x00000000f1980000,0x00000000f1980000,0x00000000f3c80000)
 ParOldGen       total 273920K, used 229914K [0x00000000c1600000, 0x00000000d2180000, 0x00000000eb200000)
  object space 273920K, 83% used [0x00000000c1600000,0x00000000cf6869d8,0x00000000d2180000)
 Metaspace       used 14862K, capacity 15025K, committed 15232K, reserved 1062912K
  class space    used 1635K, capacity 1658K, committed 1664K, reserved 1048576K
}

Deoptimization events (10 events):
Event: 1.870 Thread 0x0000000016bde800 Uncommon trap: reason=unstable_if action=reinterpret pc=0x0000000002c7cfbc method=sun.misc.MetaIndex.mayContain(Ljava/lang/String;)Z @ 38
Event: 1.888 Thread 0x0000000016bde800 Uncommon trap: reason=unstable_if action=reinterpret pc=0x0000000002d8ff3c method=java.util.HashMap.putVal(ILjava/lang/Object;Ljava/lang/Object;ZZ)Ljava/lang/Object; @ 193
Event: 1.897 Thread 0x0000000016bde800 Uncommon trap: reason=range_check action=make_not_entrant pc=0x0000000002d76820 method=sun.reflect.generics.parser.SignatureParser.current()C @ 34
Event: 1.957 Thread 0x0000000016bde800 Uncommon trap: reason=unstable_if action=reinterpret pc=0x0000000002d8c214 method=java.util.HashMap.putVal(ILjava/lang/Object;Ljava/lang/Object;ZZ)Ljava/lang/Object; @ 193
Event: 8.578 Thread 0x0000000016bde800 Uncommon trap: reason=null_check action=make_not_entrant pc=0x0000000002ff4a30 method=com.badlogic.gdx.utils.ObjectIntMap.put(Ljava/lang/Object;I)V @ 43
Event: 8.728 Thread 0x0000000016bde800 Uncommon trap: reason=null_check action=make_not_entrant pc=0x0000000002ffc4f8 method=com.badlogic.gdx.utils.ObjectIntMap.put(Ljava/lang/Object;I)V @ 75
Event: 8.879 Thread 0x0000000016bde800 Uncommon trap: reason=null_check action=make_not_entrant pc=0x0000000002ff3c18 method=com.badlogic.gdx.utils.ObjectIntMap.put(Ljava/lang/Object;I)V @ 107
Event: 19.700 Thread 0x0000000016bde800 Uncommon trap: reason=unstable_if action=reinterpret pc=0x0000000002ff2b50 method=java.nio.Bits.tryReserveMemory(JI)Z @ 29
Event: 313.805 Thread 0x0000000016bde800 Uncommon trap: reason=unstable_if action=reinterpret pc=0x0000000002bf4124 method=com.badlogic.gdx.backends.lwjgl.LwjglInput.updateMouse()V @ 16
Event: 313.818 Thread 0x0000000016bde800 Uncommon trap: reason=unstable_if action=reinterpret pc=0x0000000002cbd854 method=com.badlogic.gdx.backends.lwjgl.LwjglInput.processEvents()V @ 165

Classes redefined (0 events):
No events

Internal exceptions (10 events):
Event: 0.529 Thread 0x0000000002972800 Exception <a 'java/security/PrivilegedActionException'> (0x00000000eb59c3d0) thrown at [C:\re\workspace\8-2-build-windows-amd64-cygwin\jdk8u161\10277\hotspot\src\share\vm\prims\jvm.cpp, line 1390]
Event: 0.529 Thread 0x0000000002972800 Exception <a 'java/security/PrivilegedActionException'> (0x00000000eb59d540) thrown at [C:\re\workspace\8-2-build-windows-amd64-cygwin\jdk8u161\10277\hotspot\src\share\vm\prims\jvm.cpp, line 1390]
Event: 0.529 Thread 0x0000000002972800 Exception <a 'java/security/PrivilegedActionException'> (0x00000000eb5a26a8) thrown at [C:\re\workspace\8-2-build-windows-amd64-cygwin\jdk8u161\10277\hotspot\src\share\vm\prims\jvm.cpp, line 1390]
Event: 0.529 Thread 0x0000000002972800 Exception <a 'java/security/PrivilegedActionException'> (0x00000000eb5a3300) thrown at [C:\re\workspace\8-2-build-windows-amd64-cygwin\jdk8u161\10277\hotspot\src\share\vm\prims\jvm.cpp, line 1390]
Event: 0.529 Thread 0x0000000002972800 Exception <a 'java/security/PrivilegedActionException'> (0x00000000eb5a3f28) thrown at [C:\re\workspace\8-2-build-windows-amd64-cygwin\jdk8u161\10277\hotspot\src\share\vm\prims\jvm.cpp, line 1390]
Event: 1.897 Thread 0x0000000016bde800 Exception <a 'java/lang/ArrayIndexOutOfBoundsException': 18> (0x00000000ec082468) thrown at [C:\re\workspace\8-2-build-windows-amd64-cygwin\jdk8u161\10277\hotspot\src\share\vm\interpreter\interpreterRuntime.cpp, line 366]
Event: 1.897 Thread 0x0000000016bde800 Exception <a 'java/lang/ArrayIndexOutOfBoundsException': 110> (0x00000000ec0839c0) thrown at [C:\re\workspace\8-2-build-windows-amd64-cygwin\jdk8u161\10277\hotspot\src\share\vm\interpreter\interpreterRuntime.cpp, line 366]
Event: 8.578 Thread 0x0000000016bde800 Implicit null exception at 0x0000000002ff446e to 0x0000000002ff4a05
Event: 8.728 Thread 0x0000000016bde800 Implicit null exception at 0x0000000002ffbfa2 to 0x0000000002ffc4c5
Event: 8.878 Thread 0x0000000016bde800 Implicit null exception at 0x0000000002ff37d0 to 0x0000000002ff3bdd

Events (10 events):
Event: 706.545 Executing VM operation: ParallelGCFailedAllocation
Event: 706.707 Executing VM operation: ParallelGCFailedAllocation done
Event: 722.360 Executing VM operation: ParallelGCFailedAllocation
Event: 728.278 Executing VM operation: ParallelGCFailedAllocation done
Event: 743.371 Executing VM operation: ParallelGCFailedAllocation
Event: 743.427 Executing VM operation: ParallelGCFailedAllocation done
Event: 759.551 Executing VM operation: ParallelGCFailedAllocation
Event: 759.595 Executing VM operation: ParallelGCFailedAllocation done
Event: 775.729 Executing VM operation: ParallelGCFailedAllocation
Event: 775.749 Executing VM operation: ParallelGCFailedAllocation done


Dynamic libraries:
0x00007ff7571b0000 - 0x00007ff7571e7000 	C:\Program Files\Java\jre1.8.0_161\bin\javaw.exe
0x00007ffe4a220000 - 0x00007ffe4a401000 	C:\WINDOWS\SYSTEM32\ntdll.dll
0x00007ffe48d20000 - 0x00007ffe48dd2000 	C:\WINDOWS\System32\KERNEL32.DLL
0x00007ffe46740000 - 0x00007ffe469b3000 	C:\WINDOWS\System32\KERNELBASE.dll
0x00007ffe495a0000 - 0x00007ffe49641000 	C:\WINDOWS\System32\ADVAPI32.dll
0x00007ffe48de0000 - 0x00007ffe48e7e000 	C:\WINDOWS\System32\msvcrt.dll
0x00007ffe47860000 - 0x00007ffe478bb000 	C:\WINDOWS\System32\sechost.dll
0x00007ffe49c70000 - 0x00007ffe49d94000 	C:\WINDOWS\System32\RPCRT4.dll
0x00007ffe491b0000 - 0x00007ffe49340000 	C:\WINDOWS\System32\USER32.dll
0x00007ffe47610000 - 0x00007ffe47630000 	C:\WINDOWS\System32\win32u.dll
0x00007ffe49bc0000 - 0x00007ffe49be8000 	C:\WINDOWS\System32\GDI32.dll
0x00007ffe47470000 - 0x00007ffe47602000 	C:\WINDOWS\System32\gdi32full.dll
0x00007ffe46bb0000 - 0x00007ffe46c4f000 	C:\WINDOWS\System32\msvcp_win.dll
0x00007ffe46640000 - 0x00007ffe4673a000 	C:\WINDOWS\System32\ucrtbase.dll
0x00007ffe335d0000 - 0x00007ffe33839000 	C:\WINDOWS\WinSxS\amd64_microsoft.windows.common-controls_6595b64144ccf1df_6.0.17134.48_none_b4b2216a3cb4dd3e\COMCTL32.dll
0x00007ffe48e80000 - 0x00007ffe491a3000 	C:\WINDOWS\System32\combase.dll
0x00007ffe47630000 - 0x00007ffe476aa000 	C:\WINDOWS\System32\bcryptPrimitives.dll
0x00007ffe47780000 - 0x00007ffe477ad000 	C:\WINDOWS\System32\IMM32.DLL
0x0000000071000000 - 0x00000000710d2000 	C:\Program Files\Java\jre1.8.0_161\bin\msvcr100.dll
0x0000000070440000 - 0x0000000070cdf000 	C:\Program Files\Java\jre1.8.0_161\bin\server\jvm.dll
0x00007ffe49bf0000 - 0x00007ffe49bf8000 	C:\WINDOWS\System32\PSAPI.DLL
0x00007ffe430f0000 - 0x00007ffe430f9000 	C:\WINDOWS\SYSTEM32\WSOCK32.dll
0x00007ffe34cc0000 - 0x00007ffe34ce3000 	C:\WINDOWS\SYSTEM32\WINMM.dll
0x00007ffe49530000 - 0x00007ffe4959c000 	C:\WINDOWS\System32\WS2_32.dll
0x00007ffe3f790000 - 0x00007ffe3f79a000 	C:\WINDOWS\SYSTEM32\VERSION.dll
0x00007ffe34c90000 - 0x00007ffe34cba000 	C:\WINDOWS\SYSTEM32\WINMMBASE.dll
0x00007ffe465f0000 - 0x00007ffe46639000 	C:\WINDOWS\System32\cfgmgr32.dll
0x0000000070350000 - 0x000000007035f000 	C:\Program Files\Java\jre1.8.0_161\bin\verify.dll
0x0000000070320000 - 0x0000000070349000 	C:\Program Files\Java\jre1.8.0_161\bin\java.dll
0x0000000070300000 - 0x0000000070316000 	C:\Program Files\Java\jre1.8.0_161\bin\zip.dll
0x00007ffe478e0000 - 0x00007ffe48d20000 	C:\WINDOWS\System32\SHELL32.dll
0x00007ffe477b0000 - 0x00007ffe47859000 	C:\WINDOWS\System32\shcore.dll
0x00007ffe46c50000 - 0x00007ffe4735d000 	C:\WINDOWS\System32\windows.storage.dll
0x00007ffe49b60000 - 0x00007ffe49bb1000 	C:\WINDOWS\System32\shlwapi.dll
0x00007ffe46590000 - 0x00007ffe465a1000 	C:\WINDOWS\System32\kernel.appcore.dll
0x00007ffe465d0000 - 0x00007ffe465ef000 	C:\WINDOWS\System32\profapi.dll
0x00007ffe46540000 - 0x00007ffe4658c000 	C:\WINDOWS\System32\powrprof.dll
0x00007ffe46530000 - 0x00007ffe4653a000 	C:\WINDOWS\System32\FLTLIB.DLL
0x0000000065580000 - 0x0000000065616000 	C:\Users\camer\AppData\Local\Temp\libgdxcamer\12dfaa03\gdx64.dll
0x00007ffe45f60000 - 0x00007ffe45f77000 	C:\WINDOWS\SYSTEM32\CRYPTSP.dll
0x00007ffe45990000 - 0x00007ffe459c3000 	C:\WINDOWS\system32\rsaenh.dll
0x00007ffe46090000 - 0x00007ffe460b5000 	C:\WINDOWS\SYSTEM32\bcrypt.dll
0x00007ffe46430000 - 0x00007ffe46458000 	C:\WINDOWS\SYSTEM32\USERENV.dll
0x00007ffe45f80000 - 0x00007ffe45f8b000 	C:\WINDOWS\SYSTEM32\CRYPTBASE.dll
0x00000000702e0000 - 0x00000000702fa000 	C:\Program Files\Java\jre1.8.0_161\bin\net.dll
0x00007ffe45db0000 - 0x00007ffe45e16000 	C:\WINDOWS\system32\mswsock.dll
0x00007ffe45b30000 - 0x00007ffe45b68000 	C:\WINDOWS\SYSTEM32\IPHLPAPI.DLL
0x00007ffe49c00000 - 0x00007ffe49c08000 	C:\WINDOWS\System32\NSI.dll
0x00007ffe394d0000 - 0x00007ffe394e6000 	C:\WINDOWS\SYSTEM32\dhcpcsvc6.DLL
0x00007ffe3a7f0000 - 0x00007ffe3a80a000 	C:\WINDOWS\SYSTEM32\dhcpcsvc.DLL
0x00000000702c0000 - 0x00000000702d1000 	C:\Program Files\Java\jre1.8.0_161\bin\nio.dll
0x0000000180000000 - 0x0000000180053000 	C:\Users\camer\AppData\Local\Temp\libgdxcamer\dc0f0009\lwjgl64.dll
0x00007ffe29ef0000 - 0x00007ffe2a010000 	C:\WINDOWS\SYSTEM32\OPENGL32.dll
0x00007ffe3ef40000 - 0x00007ffe3ef6c000 	C:\WINDOWS\SYSTEM32\GLU32.dll
0x0000000017230000 - 0x0000000017294000 	C:\Users\camer\AppData\Local\Temp\libgdxcamer\dc0f0009\OpenAL64.dll
0x00007ffe49860000 - 0x00007ffe499b1000 	C:\WINDOWS\System32\ole32.dll
0x00007ffe449e0000 - 0x00007ffe44a78000 	C:\WINDOWS\system32\uxtheme.dll
0x00007ffe328b0000 - 0x00007ffe32a90000 	C:\Program Files (x86)\Trusteer\Rapport\bin\x64\rooksbas_x64.dll
0x00007ffe47360000 - 0x00007ffe473b7000 	C:\WINDOWS\System32\WINTRUST.dll
0x00007ffe465b0000 - 0x00007ffe465c2000 	C:\WINDOWS\System32\MSASN1.dll
0x00007ffe469c0000 - 0x00007ffe46ba2000 	C:\WINDOWS\System32\CRYPT32.dll
0x00007ffe49740000 - 0x00007ffe497e0000 	C:\WINDOWS\System32\clbcatq.dll
0x00007ffe44c70000 - 0x00007ffe44e24000 	C:\WINDOWS\System32\PROPSYS.dll
0x00007ffe476b0000 - 0x00007ffe47772000 	C:\WINDOWS\System32\OLEAUT32.dll
0x00007ffe3b1f0000 - 0x00007ffe3b27f000 	C:\WINDOWS\SYSTEM32\dsound.dll
0x00007ffe3a9f0000 - 0x00007ffe3aa66000 	C:\WINDOWS\System32\MMDevApi.dll
0x00007ffe46360000 - 0x00007ffe46387000 	C:\WINDOWS\System32\DEVOBJ.dll
0x00007ffe38d60000 - 0x00007ffe38e8c000 	C:\WINDOWS\SYSTEM32\AUDIOSES.DLL
0x00007ffe42640000 - 0x00007ffe4278d000 	C:\WINDOWS\SYSTEM32\wintypes.dll
0x00007ffe42c70000 - 0x00007ffe42c7a000 	C:\WINDOWS\SYSTEM32\AVRT.dll
0x00007ffe493b0000 - 0x00007ffe49525000 	C:\WINDOWS\System32\MSCTF.dll
0x00007ffe44af0000 - 0x00007ffe44b19000 	C:\WINDOWS\system32\dwmapi.dll
0x00007ffe30ee0000 - 0x00007ffe30f78000 	C:\WINDOWS\System32\TextInputFramework.dll
0x00007ffe44300000 - 0x00007ffe443da000 	C:\WINDOWS\System32\CoreMessaging.dll
0x00007ffe42790000 - 0x00007ffe42aae000 	C:\WINDOWS\System32\CoreUIComponents.dll
0x00007ffe456d0000 - 0x00007ffe45701000 	C:\WINDOWS\SYSTEM32\ntmarta.dll
0x00007ffdf8ca0000 - 0x00007ffdf97e8000 	C:\WINDOWS\SYSTEM32\ig75icd64.dll
0x00007ffe402f0000 - 0x00007ffe40d30000 	C:\WINDOWS\SYSTEM32\igdusc64.dll
0x00007ffe3f770000 - 0x00007ffe3f783000 	C:\WINDOWS\SYSTEM32\WTSAPI32.dll
0x00007ffe1e0c0000 - 0x00007ffe1e168000 	C:\WINDOWS\SYSTEM32\mscms.dll
0x00007ffe3ff00000 - 0x00007ffe3ff10000 	C:\WINDOWS\SYSTEM32\ColorAdapterClient.dll
0x00007ffe25bb0000 - 0x00007ffe25bf3000 	C:\WINDOWS\SYSTEM32\icm32.dll
0x00007ffe452e0000 - 0x00007ffe4539b000 	C:\WINDOWS\SYSTEM32\dxgi.dll
0x00007ffe43880000 - 0x00007ffe43b8b000 	C:\WINDOWS\SYSTEM32\d3d11.dll
0x00007ffe413d0000 - 0x00007ffe4232c000 	C:\WINDOWS\SYSTEM32\igd10iumd64.dll
0x00007ffe46060000 - 0x00007ffe46086000 	C:\WINDOWS\SYSTEM32\ncrypt.dll
0x00007ffe46020000 - 0x00007ffe46056000 	C:\WINDOWS\SYSTEM32\NTASN1.dll
0x0000000070270000 - 0x000000007027d000 	C:\Program Files\Java\jre1.8.0_161\bin\management.dll
0x00007ffe30950000 - 0x00007ffe30966000 	C:\WINDOWS\system32\napinsp.dll
0x00007ffe30930000 - 0x00007ffe3094a000 	C:\WINDOWS\system32\pnrpnsp.dll
0x00007ffe3cf10000 - 0x00007ffe3cf29000 	C:\WINDOWS\system32\NLAapi.dll
0x00007ffe45b70000 - 0x00007ffe45c2e000 	C:\WINDOWS\SYSTEM32\DNSAPI.dll
0x00007ffe30920000 - 0x00007ffe3092e000 	C:\WINDOWS\System32\winrnr.dll
0x00007ffe3a600000 - 0x00007ffe3a615000 	C:\WINDOWS\System32\wshbth.dll
0x00007ffe383b0000 - 0x00007ffe383ba000 	C:\Windows\System32\rasadhlp.dll
0x00007ffe380b0000 - 0x00007ffe38122000 	C:\WINDOWS\System32\fwpuclnt.dll

VM Arguments:
jvm_args: -Dfile.encoding=Cp1252 
java_command: swen30006.driving.desktop.DesktopLauncher
java_class_path (initial): C:\Program Files\Java\jre1.8.0_161\lib\resources.jar;C:\Program Files\Java\jre1.8.0_161\lib\rt.jar;C:\Program Files\Java\jre1.8.0_161\lib\jsse.jar;C:\Program Files\Java\jre1.8.0_161\lib\jce.jar;C:\Program Files\Java\jre1.8.0_161\lib\charsets.jar;C:\Program Files\Java\jre1.8.0_161\lib\jfr.jar;C:\Program Files\Java\jre1.8.0_161\lib\ext\access-bridge-64.jar;C:\Program Files\Java\jre1.8.0_161\lib\ext\cldrdata.jar;C:\Program Files\Java\jre1.8.0_161\lib\ext\dnsns.jar;C:\Program Files\Java\jre1.8.0_161\lib\ext\jaccess.jar;C:\Program Files\Java\jre1.8.0_161\lib\ext\jfxrt.jar;C:\Program Files\Java\jre1.8.0_161\lib\ext\localedata.jar;C:\Program Files\Java\jre1.8.0_161\lib\ext\nashorn.jar;C:\Program Files\Java\jre1.8.0_161\lib\ext\sunec.jar;C:\Program Files\Java\jre1.8.0_161\lib\ext\sunjce_provider.jar;C:\Program Files\Java\jre1.8.0_161\lib\ext\sunmscapi.jar;C:\Program Files\Java\jre1.8.0_161\lib\ext\sunpkcs11.jar;C:\Program Files\Java\jre1.8.0_161\lib\ext\zipfs.jar;C:\Users\camer\eclipse-workspace\Part C\bin;C:\Users\camer\eclipse-workspace\Part C\lib\gdx-1.9.8.jar;C:\Users\camer\eclipse-workspace\Part C\lib\gdx-backend-lwjgl-1.9.8.jar;C:\Users\camer\eclipse-workspace\Part C\lib\gdx-platform-1.9.8-natives-desktop.jar;C:\Users\camer\eclipse-workspace\Part C\lib\jinput-2.0.5.jar;C:\Users\camer\eclipse-workspace\Part C\lib\jinput-platform-2.0.5-natives-linux.jar;C:\Users\camer\eclipse-workspace\Part C\lib\jinput-platform-2.0.5-natives-osx.jar;C:\Users\camer\eclipse-workspace\Part C\lib\jinput-platform-2.0.5-natives-windows.jar;C:\Users\camer\eclipse-workspace\Part C\lib\jlayer-1.0.1-gdx.jar;C:\Users\camer\eclipse-workspace\Part C\lib\jorbis-0.0.17.jar;C:\Users\camer\eclipse-workspace\Part C\lib\jutils-1.0.0.jar;C:\Users\camer\eclipse-workspace\Part C\lib\log4j-api-2.11.0.jar;C:\Users\camer\eclipse-workspace\Part C\lib\log4j-core-2.11.0.jar;C:\Users\camer\eclipse-workspace\Part C\lib\lwjgl_util-2.9.2.jar;C:\Users\camer\eclipse-workspace\Part C\lib\lwj
Launcher Type: SUN_STANDARD

Environment Variables:
PATH=C:/Program Files/Java/jre1.8.0_161/bin/server;C:/Program Files/Java/jre1.8.0_161/bin;C:/Program Files/Java/jre1.8.0_161/lib/amd64;C:\ProgramData\Oracle\Java\javapath;C:\WINDOWS\system32;C:\WINDOWS;C:\WINDOWS\System32\Wbem;C:\WINDOWS\System32\WindowsPowerShell\v1.0\;C:\Program Files (x86)\Skype\Phone\;C:\Program Files (x86)\Windows Live\Shared;C:\WINDOWS\System32\OpenSSH\;C:\Users\camer\AppData\Local\Microsoft\WindowsApps;;C:\Program Files\eclipse;
USERNAME=camer
OS=Windows_NT
PROCESSOR_IDENTIFIER=Intel64 Family 6 Model 69 Stepping 1, GenuineIntel



---------------  S Y S T E M  ---------------

OS: Windows 10.0 , 64 bit Build 17134 (10.0.17134.1)

CPU:total 4 (initial active 4) (2 cores per cpu, 2 threads per core) family 6 model 69 stepping 1, cmov, cx8, fxsr, mmx, sse, sse2, sse3, ssse3, sse4.1, sse4.2, popcnt, avx, avx2, aes, clmul, erms, lzcnt, ht, tsc, tscinvbit, bmi1, bmi2

Memory: 4k page, physical 4097088k(255772k free), swap 16680000k(0k free)

vm_info: Java HotSpot(TM) 64-Bit Server VM (25.161-b12) for windows-amd64 JRE (1.8.0_161-b12), built on Dec 19 2017 17:52:25 by "java_re" with MS VC++ 10.0 (VS2010)

time: Tue May 22 18:36:47 2018
elapsed time: 787 seconds (0d 0h 13m 7s)

